<?xml version="1.0" encoding="UTF-8"?>
<coverage generated="1572451081030" clover="3.2.0">
  <project timestamp="1572451081030" name="All files">
    <metrics statements="12" coveredstatements="2" conditionals="0" coveredconditionals="0" methods="7" coveredmethods="0" elements="19" coveredelements="2" complexity="0" loc="12" ncloc="12" packages="2" files="3" classes="3"/>
    <package name="RelatedItemsComponents">
      <metrics statements="11" coveredstatements="2" conditionals="0" coveredconditionals="0" methods="6" coveredmethods="0"/>
      <file name="AddOutfitCardButton.jsx" path="C:\Users\Hoon\working\hackreactor\shop-box\src\components\RelatedItemsComponents\AddOutfitCardButton.jsx">
        <metrics statements="4" coveredstatements="1" conditionals="0" coveredconditionals="0" methods="3" coveredmethods="0"/>
        <line num="14" count="1" type="stmt"/>
        <line num="35" count="0" type="stmt"/>
        <line num="36" count="0" type="stmt"/>
        <line num="41" count="0" type="stmt"/>
      </file>
      <file name="RemoveMyOutfit.jsx" path="C:\Users\Hoon\working\hackreactor\shop-box\src\components\RelatedItemsComponents\RemoveMyOutfit.jsx">
        <metrics statements="7" coveredstatements="1" conditionals="0" coveredconditionals="0" methods="3" coveredmethods="0"/>
        <line num="10" count="1" type="stmt"/>
        <line num="22" count="0" type="stmt"/>
        <line num="25" count="0" type="stmt"/>
        <line num="26" count="0" type="stmt"/>
        <line num="27" count="0" type="stmt"/>
        <line num="28" count="0" type="stmt"/>
        <line num="31" count="0" type="stmt"/>
      </file>
    </package>
    <package name="ReviewsComponents">
      <metrics statements="1" coveredstatements="0" conditionals="0" coveredconditionals="0" methods="1" coveredmethods="0"/>
      <file name="StarRatings.jsx" path="C:\Users\Hoon\working\hackreactor\shop-box\src\components\ReviewsComponents\StarRatings.jsx">
        <metrics statements="1" coveredstatements="0" conditionals="0" coveredconditionals="0" methods="1" coveredmethods="0"/>
        <line num="5" count="0" type="stmt"/>
      </file>
    </package>
  </project>
</coverage>
