{"/Users/evelynchen/Documents/Coding/shop-box/src/components/RelatedItemsComponents/AddOutfitCardButton.jsx": {"path":"/Users/evelynchen/Documents/Coding/shop-box/src/components/RelatedItemsComponents/AddOutfitCardButton.jsx","statementMap":{"0":{"start":{"line":14,"column":18},"end":{"line":32,"column":3}},"1":{"start":{"line":14,"column":39},"end":{"line":32,"column":1}},"2":{"start":{"line":35,"column":18},"end":{"line":35,"column":29}},"3":{"start":{"line":36,"column":2},"end":{"line":53,"column":4}},"4":{"start":{"line":41,"column":10},"end":{"line":41,"column":22}}},"fnMap":{"0":{"name":"(anonymous_0)","decl":{"start":{"line":14,"column":29},"end":{"line":14,"column":30}},"loc":{"start":{"line":14,"column":39},"end":{"line":32,"column":1}},"line":14},"1":{"name":"AddOutfitCardButton","decl":{"start":{"line":34,"column":24},"end":{"line":34,"column":43}},"loc":{"start":{"line":34,"column":51},"end":{"line":54,"column":1}},"line":34},"2":{"name":"(anonymous_2)","decl":{"start":{"line":40,"column":17},"end":{"line":40,"column":18}},"loc":{"start":{"line":40,"column":23},"end":{"line":42,"column":9}},"line":40}},"branchMap":{},"s":{"0":1,"1":0,"2":0,"3":0,"4":0},"f":{"0":0,"1":0,"2":0},"b":{},"_coverageSchema":"43e27e138ebf9cfc5966b082cf9a028302ed4184","hash":"d7bd3ca1d1c4df8fed776429c013e1a05664a46f"}
,"/Users/evelynchen/Documents/Coding/shop-box/src/components/RelatedItemsComponents/RemoveMyOutfit.jsx": {"path":"/Users/evelynchen/Documents/Coding/shop-box/src/components/RelatedItemsComponents/RemoveMyOutfit.jsx","statementMap":{"0":{"start":{"line":10,"column":18},"end":{"line":17,"column":3}},"1":{"start":{"line":10,"column":39},"end":{"line":17,"column":1}},"2":{"start":{"line":22,"column":18},"end":{"line":22,"column":29}},"3":{"start":{"line":25,"column":33},"end":{"line":29,"column":3}},"4":{"start":{"line":26,"column":4},"end":{"line":26,"column":28}},"5":{"start":{"line":27,"column":4},"end":{"line":27,"column":40}},"6":{"start":{"line":28,"column":4},"end":{"line":28,"column":34}},"7":{"start":{"line":31,"column":2},"end":{"line":41,"column":4}}},"fnMap":{"0":{"name":"(anonymous_0)","decl":{"start":{"line":10,"column":29},"end":{"line":10,"column":30}},"loc":{"start":{"line":10,"column":39},"end":{"line":17,"column":1}},"line":10},"1":{"name":"RemoveMyOutfit","decl":{"start":{"line":21,"column":24},"end":{"line":21,"column":38}},"loc":{"start":{"line":21,"column":46},"end":{"line":42,"column":1}},"line":21},"2":{"name":"(anonymous_2)","decl":{"start":{"line":25,"column":33},"end":{"line":25,"column":34}},"loc":{"start":{"line":25,"column":37},"end":{"line":29,"column":3}},"line":25}},"branchMap":{},"s":{"0":1,"1":0,"2":0,"3":0,"4":0,"5":0,"6":0,"7":0},"f":{"0":0,"1":0,"2":0},"b":{},"_coverageSchema":"43e27e138ebf9cfc5966b082cf9a028302ed4184","hash":"e4a8aa4399de8d56e839f932f10144245efee680"}
,"/Users/evelynchen/Documents/Coding/shop-box/src/components/ReviewsComponents/StarRatings.jsx": {"path":"/Users/evelynchen/Documents/Coding/shop-box/src/components/ReviewsComponents/StarRatings.jsx","statementMap":{"0":{"start":{"line":5,"column":2},"end":{"line":14,"column":4}}},"fnMap":{"0":{"name":"StarRatings","decl":{"start":{"line":4,"column":24},"end":{"line":4,"column":35}},"loc":{"start":{"line":4,"column":48},"end":{"line":15,"column":1}},"line":4}},"branchMap":{},"s":{"0":0},"f":{"0":0},"b":{},"_coverageSchema":"43e27e138ebf9cfc5966b082cf9a028302ed4184","hash":"8ebfff59fb8bf6af31a8c6308586e7636af5cb22"}
,"/Users/evelynchen/Documents/Coding/shop-box/src/components/questionComponents/AddAnswer.jsx": {"path":"/Users/evelynchen/Documents/Coding/shop-box/src/components/questionComponents/AddAnswer.jsx","statementMap":{"0":{"start":{"line":13,"column":15},"end":{"line":28,"column":2}},"1":{"start":{"line":13,"column":25},"end":{"line":28,"column":1}},"2":{"start":{"line":32,"column":4},"end":{"line":32,"column":17}},"3":{"start":{"line":33,"column":4},"end":{"line":40,"column":6}},"4":{"start":{"line":41,"column":4},"end":{"line":41,"column":53}},"5":{"start":{"line":42,"column":4},"end":{"line":42,"column":59}},"6":{"start":{"line":43,"column":4},"end":{"line":43,"column":51}},"7":{"start":{"line":44,"column":4},"end":{"line":44,"column":53}},"8":{"start":{"line":45,"column":4},"end":{"line":45,"column":35}},"9":{"start":{"line":48,"column":19},"end":{"line":48,"column":27}},"10":{"start":{"line":49,"column":17},"end":{"line":49,"column":28}},"11":{"start":{"line":50,"column":4},"end":{"line":50,"column":44}},"12":{"start":{"line":54,"column":4},"end":{"line":54,"column":34}},"13":{"start":{"line":58,"column":4},"end":{"line":58,"column":35}},"14":{"start":{"line":61,"column":4},"end":{"line":61,"column":52}},"15":{"start":{"line":64,"column":4},"end":{"line":64,"column":23}},"16":{"start":{"line":65,"column":20},"end":{"line":70,"column":5}},"17":{"start":{"line":71,"column":19},"end":{"line":71,"column":21}},"18":{"start":{"line":72,"column":4},"end":{"line":74,"column":5}},"19":{"start":{"line":73,"column":6},"end":{"line":73,"column":42}},"20":{"start":{"line":75,"column":4},"end":{"line":77,"column":5}},"21":{"start":{"line":76,"column":6},"end":{"line":76,"column":40}},"22":{"start":{"line":78,"column":4},"end":{"line":80,"column":5}},"23":{"start":{"line":79,"column":6},"end":{"line":79,"column":41}},"24":{"start":{"line":81,"column":4},"end":{"line":83,"column":5}},"25":{"start":{"line":82,"column":6},"end":{"line":82,"column":49}},"26":{"start":{"line":85,"column":4},"end":{"line":102,"column":5}},"27":{"start":{"line":86,"column":6},"end":{"line":86,"column":33}},"28":{"start":{"line":88,"column":6},"end":{"line":99,"column":11}},"29":{"start":{"line":94,"column":10},"end":{"line":94,"column":34}},"30":{"start":{"line":95,"column":10},"end":{"line":95,"column":40}},"31":{"start":{"line":98,"column":10},"end":{"line":98,"column":27}},"32":{"start":{"line":101,"column":6},"end":{"line":101,"column":37}},"33":{"start":{"line":105,"column":16},"end":{"line":105,"column":39}},"34":{"start":{"line":106,"column":4},"end":{"line":106,"column":38}},"35":{"start":{"line":107,"column":4},"end":{"line":136,"column":5}},"36":{"start":{"line":108,"column":6},"end":{"line":135,"column":9}},"37":{"start":{"line":109,"column":21},"end":{"line":109,"column":37}},"38":{"start":{"line":111,"column":8},"end":{"line":133,"column":10}},"39":{"start":{"line":112,"column":29},"end":{"line":112,"column":52}},"40":{"start":{"line":113,"column":28},"end":{"line":113,"column":46}},"41":{"start":{"line":114,"column":10},"end":{"line":132,"column":15}},"42":{"start":{"line":125,"column":14},"end":{"line":128,"column":17}},"43":{"start":{"line":131,"column":14},"end":{"line":131,"column":31}},"44":{"start":{"line":134,"column":8},"end":{"line":134,"column":40}},"45":{"start":{"line":140,"column":24},"end":{"line":140,"column":34}},"46":{"start":{"line":141,"column":4},"end":{"line":223,"column":6}},"47":{"start":{"line":166,"column":16},"end":{"line":166,"column":37}},"48":{"start":{"line":177,"column":16},"end":{"line":177,"column":32}},"49":{"start":{"line":178,"column":16},"end":{"line":178,"column":32}}},"fnMap":{"0":{"name":"(anonymous_0)","decl":{"start":{"line":13,"column":15},"end":{"line":13,"column":16}},"loc":{"start":{"line":13,"column":25},"end":{"line":28,"column":1}},"line":13},"1":{"name":"(anonymous_1)","decl":{"start":{"line":31,"column":2},"end":{"line":31,"column":3}},"loc":{"start":{"line":31,"column":21},"end":{"line":46,"column":3}},"line":31},"2":{"name":"(anonymous_2)","decl":{"start":{"line":47,"column":2},"end":{"line":47,"column":3}},"loc":{"start":{"line":47,"column":18},"end":{"line":51,"column":3}},"line":47},"3":{"name":"(anonymous_3)","decl":{"start":{"line":53,"column":2},"end":{"line":53,"column":3}},"loc":{"start":{"line":53,"column":20},"end":{"line":55,"column":3}},"line":53},"4":{"name":"(anonymous_4)","decl":{"start":{"line":57,"column":2},"end":{"line":57,"column":3}},"loc":{"start":{"line":57,"column":16},"end":{"line":59,"column":3}},"line":57},"5":{"name":"(anonymous_5)","decl":{"start":{"line":60,"column":2},"end":{"line":60,"column":3}},"loc":{"start":{"line":60,"column":22},"end":{"line":62,"column":3}},"line":60},"6":{"name":"(anonymous_6)","decl":{"start":{"line":63,"column":2},"end":{"line":63,"column":3}},"loc":{"start":{"line":63,"column":18},"end":{"line":103,"column":3}},"line":63},"7":{"name":"(anonymous_7)","decl":{"start":{"line":93,"column":14},"end":{"line":93,"column":15}},"loc":{"start":{"line":93,"column":20},"end":{"line":96,"column":9}},"line":93},"8":{"name":"(anonymous_8)","decl":{"start":{"line":97,"column":15},"end":{"line":97,"column":16}},"loc":{"start":{"line":97,"column":22},"end":{"line":99,"column":9}},"line":97},"9":{"name":"(anonymous_9)","decl":{"start":{"line":104,"column":2},"end":{"line":104,"column":3}},"loc":{"start":{"line":104,"column":13},"end":{"line":137,"column":3}},"line":104},"10":{"name":"(anonymous_10)","decl":{"start":{"line":108,"column":16},"end":{"line":108,"column":17}},"loc":{"start":{"line":108,"column":24},"end":{"line":135,"column":7}},"line":108},"11":{"name":"(anonymous_11)","decl":{"start":{"line":111,"column":24},"end":{"line":111,"column":25}},"loc":{"start":{"line":111,"column":37},"end":{"line":133,"column":9}},"line":111},"12":{"name":"(anonymous_12)","decl":{"start":{"line":124,"column":18},"end":{"line":124,"column":19}},"loc":{"start":{"line":124,"column":32},"end":{"line":129,"column":13}},"line":124},"13":{"name":"(anonymous_13)","decl":{"start":{"line":130,"column":19},"end":{"line":130,"column":20}},"loc":{"start":{"line":130,"column":26},"end":{"line":132,"column":13}},"line":130},"14":{"name":"(anonymous_14)","decl":{"start":{"line":139,"column":2},"end":{"line":139,"column":3}},"loc":{"start":{"line":139,"column":11},"end":{"line":224,"column":3}},"line":139},"15":{"name":"(anonymous_15)","decl":{"start":{"line":165,"column":24},"end":{"line":165,"column":25}},"loc":{"start":{"line":165,"column":29},"end":{"line":167,"column":15}},"line":165},"16":{"name":"(anonymous_16)","decl":{"start":{"line":176,"column":24},"end":{"line":176,"column":25}},"loc":{"start":{"line":176,"column":33},"end":{"line":179,"column":15}},"line":176}},"branchMap":{"0":{"loc":{"start":{"line":72,"column":4},"end":{"line":74,"column":5}},"type":"if","locations":[{"start":{"line":72,"column":4},"end":{"line":74,"column":5}},{"start":{"line":72,"column":4},"end":{"line":74,"column":5}}],"line":72},"1":{"loc":{"start":{"line":72,"column":8},"end":{"line":72,"column":61}},"type":"binary-expr","locations":[{"start":{"line":72,"column":8},"end":{"line":72,"column":32}},{"start":{"line":72,"column":36},"end":{"line":72,"column":61}}],"line":72},"2":{"loc":{"start":{"line":75,"column":4},"end":{"line":77,"column":5}},"type":"if","locations":[{"start":{"line":75,"column":4},"end":{"line":77,"column":5}},{"start":{"line":75,"column":4},"end":{"line":77,"column":5}}],"line":75},"3":{"loc":{"start":{"line":75,"column":8},"end":{"line":75,"column":65}},"type":"binary-expr","locations":[{"start":{"line":75,"column":8},"end":{"line":75,"column":34}},{"start":{"line":75,"column":38},"end":{"line":75,"column":65}}],"line":75},"4":{"loc":{"start":{"line":78,"column":4},"end":{"line":80,"column":5}},"type":"if","locations":[{"start":{"line":78,"column":4},"end":{"line":80,"column":5}},{"start":{"line":78,"column":4},"end":{"line":80,"column":5}}],"line":78},"5":{"loc":{"start":{"line":78,"column":8},"end":{"line":78,"column":59}},"type":"binary-expr","locations":[{"start":{"line":78,"column":8},"end":{"line":78,"column":31}},{"start":{"line":78,"column":35},"end":{"line":78,"column":59}}],"line":78},"6":{"loc":{"start":{"line":81,"column":4},"end":{"line":83,"column":5}},"type":"if","locations":[{"start":{"line":81,"column":4},"end":{"line":83,"column":5}},{"start":{"line":81,"column":4},"end":{"line":83,"column":5}}],"line":81},"7":{"loc":{"start":{"line":85,"column":4},"end":{"line":102,"column":5}},"type":"if","locations":[{"start":{"line":85,"column":4},"end":{"line":102,"column":5}},{"start":{"line":85,"column":4},"end":{"line":102,"column":5}}],"line":85},"8":{"loc":{"start":{"line":107,"column":4},"end":{"line":136,"column":5}},"type":"if","locations":[{"start":{"line":107,"column":4},"end":{"line":136,"column":5}},{"start":{"line":107,"column":4},"end":{"line":136,"column":5}}],"line":107},"9":{"loc":{"start":{"line":182,"column":13},"end":{"line":182,"column":56}},"type":"cond-expr","locations":[{"start":{"line":182,"column":29},"end":{"line":182,"column":49}},{"start":{"line":182,"column":52},"end":{"line":182,"column":56}}],"line":182}},"s":{"0":1,"1":0,"2":0,"3":0,"4":0,"5":0,"6":0,"7":0,"8":0,"9":0,"10":0,"11":0,"12":0,"13":0,"14":0,"15":0,"16":0,"17":0,"18":0,"19":0,"20":0,"21":0,"22":0,"23":0,"24":0,"25":0,"26":0,"27":0,"28":0,"29":0,"30":0,"31":0,"32":0,"33":0,"34":0,"35":0,"36":0,"37":0,"38":0,"39":0,"40":0,"41":0,"42":0,"43":0,"44":0,"45":0,"46":0,"47":0,"48":0,"49":0},"f":{"0":0,"1":0,"2":0,"3":0,"4":0,"5":0,"6":0,"7":0,"8":0,"9":0,"10":0,"11":0,"12":0,"13":0,"14":0,"15":0,"16":0},"b":{"0":[0,0],"1":[0,0],"2":[0,0],"3":[0,0],"4":[0,0],"5":[0,0],"6":[0,0],"7":[0,0],"8":[0,0],"9":[0,0]},"_coverageSchema":"43e27e138ebf9cfc5966b082cf9a028302ed4184","hash":"93760befa36516e38e447c945829f0cb7335fcda"}
,"/Users/evelynchen/Documents/Coding/shop-box/src/components/questionComponents/AddQuestion.jsx": {"path":"/Users/evelynchen/Documents/Coding/shop-box/src/components/questionComponents/AddQuestion.jsx","statementMap":{"0":{"start":{"line":12,"column":15},"end":{"line":30,"column":2}},"1":{"start":{"line":12,"column":25},"end":{"line":30,"column":1}},"2":{"start":{"line":34,"column":4},"end":{"line":34,"column":17}},"3":{"start":{"line":35,"column":4},"end":{"line":40,"column":6}},"4":{"start":{"line":41,"column":4},"end":{"line":41,"column":53}},"5":{"start":{"line":42,"column":4},"end":{"line":42,"column":59}},"6":{"start":{"line":43,"column":4},"end":{"line":43,"column":51}},"7":{"start":{"line":44,"column":4},"end":{"line":44,"column":53}},"8":{"start":{"line":47,"column":19},"end":{"line":47,"column":27}},"9":{"start":{"line":48,"column":17},"end":{"line":48,"column":28}},"10":{"start":{"line":49,"column":4},"end":{"line":49,"column":44}},"11":{"start":{"line":53,"column":4},"end":{"line":53,"column":34}},"12":{"start":{"line":57,"column":4},"end":{"line":57,"column":35}},"13":{"start":{"line":60,"column":4},"end":{"line":60,"column":52}},"14":{"start":{"line":64,"column":4},"end":{"line":64,"column":23}},"15":{"start":{"line":65,"column":22},"end":{"line":69,"column":5}},"16":{"start":{"line":70,"column":19},"end":{"line":70,"column":21}},"17":{"start":{"line":71,"column":4},"end":{"line":73,"column":5}},"18":{"start":{"line":72,"column":6},"end":{"line":72,"column":44}},"19":{"start":{"line":74,"column":4},"end":{"line":76,"column":5}},"20":{"start":{"line":75,"column":6},"end":{"line":75,"column":40}},"21":{"start":{"line":77,"column":4},"end":{"line":79,"column":5}},"22":{"start":{"line":78,"column":6},"end":{"line":78,"column":41}},"23":{"start":{"line":80,"column":4},"end":{"line":82,"column":5}},"24":{"start":{"line":81,"column":6},"end":{"line":81,"column":49}},"25":{"start":{"line":83,"column":4},"end":{"line":96,"column":5}},"26":{"start":{"line":84,"column":6},"end":{"line":84,"column":33}},"27":{"start":{"line":86,"column":6},"end":{"line":93,"column":11}},"28":{"start":{"line":89,"column":10},"end":{"line":89,"column":57}},"29":{"start":{"line":92,"column":10},"end":{"line":92,"column":27}},"30":{"start":{"line":95,"column":6},"end":{"line":95,"column":37}},"31":{"start":{"line":100,"column":24},"end":{"line":100,"column":34}},"32":{"start":{"line":101,"column":4},"end":{"line":177,"column":6}},"33":{"start":{"line":130,"column":16},"end":{"line":130,"column":37}}},"fnMap":{"0":{"name":"(anonymous_0)","decl":{"start":{"line":12,"column":15},"end":{"line":12,"column":16}},"loc":{"start":{"line":12,"column":25},"end":{"line":30,"column":1}},"line":12},"1":{"name":"(anonymous_1)","decl":{"start":{"line":33,"column":2},"end":{"line":33,"column":3}},"loc":{"start":{"line":33,"column":21},"end":{"line":45,"column":3}},"line":33},"2":{"name":"(anonymous_2)","decl":{"start":{"line":46,"column":2},"end":{"line":46,"column":3}},"loc":{"start":{"line":46,"column":18},"end":{"line":50,"column":3}},"line":46},"3":{"name":"(anonymous_3)","decl":{"start":{"line":52,"column":2},"end":{"line":52,"column":3}},"loc":{"start":{"line":52,"column":20},"end":{"line":54,"column":3}},"line":52},"4":{"name":"(anonymous_4)","decl":{"start":{"line":56,"column":2},"end":{"line":56,"column":3}},"loc":{"start":{"line":56,"column":16},"end":{"line":58,"column":3}},"line":56},"5":{"name":"(anonymous_5)","decl":{"start":{"line":59,"column":2},"end":{"line":59,"column":3}},"loc":{"start":{"line":59,"column":22},"end":{"line":61,"column":3}},"line":59},"6":{"name":"(anonymous_6)","decl":{"start":{"line":63,"column":2},"end":{"line":63,"column":3}},"loc":{"start":{"line":63,"column":18},"end":{"line":97,"column":3}},"line":63},"7":{"name":"(anonymous_7)","decl":{"start":{"line":88,"column":14},"end":{"line":88,"column":15}},"loc":{"start":{"line":88,"column":20},"end":{"line":90,"column":9}},"line":88},"8":{"name":"(anonymous_8)","decl":{"start":{"line":91,"column":15},"end":{"line":91,"column":16}},"loc":{"start":{"line":91,"column":22},"end":{"line":93,"column":9}},"line":91},"9":{"name":"(anonymous_9)","decl":{"start":{"line":99,"column":2},"end":{"line":99,"column":3}},"loc":{"start":{"line":99,"column":11},"end":{"line":178,"column":3}},"line":99},"10":{"name":"(anonymous_10)","decl":{"start":{"line":129,"column":24},"end":{"line":129,"column":25}},"loc":{"start":{"line":129,"column":29},"end":{"line":131,"column":15}},"line":129}},"branchMap":{"0":{"loc":{"start":{"line":71,"column":4},"end":{"line":73,"column":5}},"type":"if","locations":[{"start":{"line":71,"column":4},"end":{"line":73,"column":5}},{"start":{"line":71,"column":4},"end":{"line":73,"column":5}}],"line":71},"1":{"loc":{"start":{"line":71,"column":8},"end":{"line":71,"column":65}},"type":"binary-expr","locations":[{"start":{"line":71,"column":8},"end":{"line":71,"column":34}},{"start":{"line":71,"column":38},"end":{"line":71,"column":65}}],"line":71},"2":{"loc":{"start":{"line":74,"column":4},"end":{"line":76,"column":5}},"type":"if","locations":[{"start":{"line":74,"column":4},"end":{"line":76,"column":5}},{"start":{"line":74,"column":4},"end":{"line":76,"column":5}}],"line":74},"3":{"loc":{"start":{"line":74,"column":8},"end":{"line":74,"column":65}},"type":"binary-expr","locations":[{"start":{"line":74,"column":8},"end":{"line":74,"column":34}},{"start":{"line":74,"column":38},"end":{"line":74,"column":65}}],"line":74},"4":{"loc":{"start":{"line":77,"column":4},"end":{"line":79,"column":5}},"type":"if","locations":[{"start":{"line":77,"column":4},"end":{"line":79,"column":5}},{"start":{"line":77,"column":4},"end":{"line":79,"column":5}}],"line":77},"5":{"loc":{"start":{"line":77,"column":8},"end":{"line":77,"column":59}},"type":"binary-expr","locations":[{"start":{"line":77,"column":8},"end":{"line":77,"column":31}},{"start":{"line":77,"column":35},"end":{"line":77,"column":59}}],"line":77},"6":{"loc":{"start":{"line":80,"column":4},"end":{"line":82,"column":5}},"type":"if","locations":[{"start":{"line":80,"column":4},"end":{"line":82,"column":5}},{"start":{"line":80,"column":4},"end":{"line":82,"column":5}}],"line":80},"7":{"loc":{"start":{"line":83,"column":4},"end":{"line":96,"column":5}},"type":"if","locations":[{"start":{"line":83,"column":4},"end":{"line":96,"column":5}},{"start":{"line":83,"column":4},"end":{"line":96,"column":5}}],"line":83}},"s":{"0":1,"1":0,"2":0,"3":0,"4":0,"5":0,"6":0,"7":0,"8":0,"9":0,"10":0,"11":0,"12":0,"13":0,"14":0,"15":0,"16":0,"17":0,"18":0,"19":0,"20":0,"21":0,"22":0,"23":0,"24":0,"25":0,"26":0,"27":0,"28":0,"29":0,"30":0,"31":0,"32":0,"33":0},"f":{"0":0,"1":0,"2":0,"3":0,"4":0,"5":0,"6":0,"7":0,"8":0,"9":0,"10":0},"b":{"0":[0,0],"1":[0,0],"2":[0,0],"3":[0,0],"4":[0,0],"5":[0,0],"6":[0,0],"7":[0,0]},"_coverageSchema":"43e27e138ebf9cfc5966b082cf9a028302ed4184","hash":"82672711359c6e8be64ff1559afa02191cecabbe"}
,"/Users/evelynchen/Documents/Coding/shop-box/src/components/questionComponents/Answers.jsx": {"path":"/Users/evelynchen/Documents/Coding/shop-box/src/components/questionComponents/Answers.jsx","statementMap":{"0":{"start":{"line":5,"column":10},"end":{"line":5,"column":31}},"1":{"start":{"line":6,"column":17},"end":{"line":19,"column":3}},"2":{"start":{"line":20,"column":13},"end":{"line":20,"column":28}},"3":{"start":{"line":21,"column":14},"end":{"line":21,"column":34}},"4":{"start":{"line":22,"column":12},"end":{"line":22,"column":23}},"5":{"start":{"line":23,"column":35},"end":{"line":23,"column":50}},"6":{"start":{"line":25,"column":28},"end":{"line":34,"column":3}},"7":{"start":{"line":26,"column":4},"end":{"line":33,"column":9}},"8":{"start":{"line":29,"column":8},"end":{"line":29,"column":21}},"9":{"start":{"line":32,"column":8},"end":{"line":32,"column":25}},"10":{"start":{"line":35,"column":35},"end":{"line":35,"column":50}},"11":{"start":{"line":36,"column":23},"end":{"line":47,"column":3}},"12":{"start":{"line":37,"column":4},"end":{"line":46,"column":5}},"13":{"start":{"line":38,"column":6},"end":{"line":45,"column":11}},"14":{"start":{"line":41,"column":10},"end":{"line":41,"column":29}},"15":{"start":{"line":44,"column":10},"end":{"line":44,"column":27}},"16":{"start":{"line":48,"column":2},"end":{"line":94,"column":4}},"17":{"start":{"line":54,"column":14},"end":{"line":62,"column":16}},"18":{"start":{"line":71,"column":14},"end":{"line":74,"column":15}},"19":{"start":{"line":72,"column":16},"end":{"line":72,"column":36}},"20":{"start":{"line":73,"column":16},"end":{"line":73,"column":36}}},"fnMap":{"0":{"name":"Answers","decl":{"start":{"line":4,"column":24},"end":{"line":4,"column":31}},"loc":{"start":{"line":4,"column":56},"end":{"line":95,"column":1}},"line":4},"1":{"name":"(anonymous_1)","decl":{"start":{"line":25,"column":28},"end":{"line":25,"column":29}},"loc":{"start":{"line":25,"column":34},"end":{"line":34,"column":3}},"line":25},"2":{"name":"(anonymous_2)","decl":{"start":{"line":28,"column":12},"end":{"line":28,"column":13}},"loc":{"start":{"line":28,"column":18},"end":{"line":30,"column":7}},"line":28},"3":{"name":"(anonymous_3)","decl":{"start":{"line":31,"column":13},"end":{"line":31,"column":14}},"loc":{"start":{"line":31,"column":20},"end":{"line":33,"column":7}},"line":31},"4":{"name":"(anonymous_4)","decl":{"start":{"line":36,"column":23},"end":{"line":36,"column":24}},"loc":{"start":{"line":36,"column":29},"end":{"line":47,"column":3}},"line":36},"5":{"name":"(anonymous_5)","decl":{"start":{"line":40,"column":14},"end":{"line":40,"column":15}},"loc":{"start":{"line":40,"column":20},"end":{"line":42,"column":9}},"line":40},"6":{"name":"(anonymous_6)","decl":{"start":{"line":43,"column":15},"end":{"line":43,"column":16}},"loc":{"start":{"line":43,"column":22},"end":{"line":45,"column":9}},"line":43},"7":{"name":"(anonymous_7)","decl":{"start":{"line":53,"column":30},"end":{"line":53,"column":31}},"loc":{"start":{"line":53,"column":39},"end":{"line":63,"column":13}},"line":53},"8":{"name":"(anonymous_8)","decl":{"start":{"line":70,"column":21},"end":{"line":70,"column":22}},"loc":{"start":{"line":70,"column":27},"end":{"line":75,"column":13}},"line":70}},"branchMap":{"0":{"loc":{"start":{"line":37,"column":4},"end":{"line":46,"column":5}},"type":"if","locations":[{"start":{"line":37,"column":4},"end":{"line":46,"column":5}},{"start":{"line":37,"column":4},"end":{"line":46,"column":5}}],"line":37},"1":{"loc":{"start":{"line":52,"column":9},"end":{"line":64,"column":16}},"type":"cond-expr","locations":[{"start":{"line":53,"column":12},"end":{"line":63,"column":14}},{"start":{"line":64,"column":12},"end":{"line":64,"column":16}}],"line":52},"2":{"loc":{"start":{"line":71,"column":14},"end":{"line":74,"column":15}},"type":"if","locations":[{"start":{"line":71,"column":14},"end":{"line":74,"column":15}},{"start":{"line":71,"column":14},"end":{"line":74,"column":15}}],"line":71},"3":{"loc":{"start":{"line":82,"column":11},"end":{"line":90,"column":11}},"type":"cond-expr","locations":[{"start":{"line":83,"column":12},"end":{"line":85,"column":19}},{"start":{"line":87,"column":12},"end":{"line":89,"column":19}}],"line":82}},"s":{"0":0,"1":0,"2":0,"3":0,"4":0,"5":0,"6":0,"7":0,"8":0,"9":0,"10":0,"11":0,"12":0,"13":0,"14":0,"15":0,"16":0,"17":0,"18":0,"19":0,"20":0},"f":{"0":0,"1":0,"2":0,"3":0,"4":0,"5":0,"6":0,"7":0,"8":0},"b":{"0":[0,0],"1":[0,0],"2":[0,0],"3":[0,0]},"_coverageSchema":"43e27e138ebf9cfc5966b082cf9a028302ed4184","hash":"54e2e6582b4adf04bbd334ddefcdfcf13bcda242"}
,"/Users/evelynchen/Documents/Coding/shop-box/src/components/questionComponents/MoreAnswers.jsx": {"path":"/Users/evelynchen/Documents/Coding/shop-box/src/components/questionComponents/MoreAnswers.jsx","statementMap":{"0":{"start":{"line":5,"column":18},"end":{"line":12,"column":3}},"1":{"start":{"line":5,"column":39},"end":{"line":12,"column":1}},"2":{"start":{"line":15,"column":18},"end":{"line":15,"column":29}},"3":{"start":{"line":17,"column":2},"end":{"line":28,"column":4}},"4":{"start":{"line":22,"column":10},"end":{"line":22,"column":28}}},"fnMap":{"0":{"name":"(anonymous_0)","decl":{"start":{"line":5,"column":29},"end":{"line":5,"column":30}},"loc":{"start":{"line":5,"column":39},"end":{"line":12,"column":1}},"line":5},"1":{"name":"OutlinedButtons","decl":{"start":{"line":14,"column":24},"end":{"line":14,"column":39}},"loc":{"start":{"line":14,"column":61},"end":{"line":29,"column":1}},"line":14},"2":{"name":"(anonymous_2)","decl":{"start":{"line":21,"column":17},"end":{"line":21,"column":18}},"loc":{"start":{"line":21,"column":23},"end":{"line":23,"column":9}},"line":21}},"branchMap":{},"s":{"0":1,"1":0,"2":0,"3":0,"4":0},"f":{"0":0,"1":0,"2":0},"b":{},"_coverageSchema":"43e27e138ebf9cfc5966b082cf9a028302ed4184","hash":"9c62d33e08627feb88df6e42f1409b8d70358e0e"}
,"/Users/evelynchen/Documents/Coding/shop-box/src/components/questionComponents/MoreQuestions.jsx": {"path":"/Users/evelynchen/Documents/Coding/shop-box/src/components/questionComponents/MoreQuestions.jsx","statementMap":{"0":{"start":{"line":5,"column":18},"end":{"line":12,"column":3}},"1":{"start":{"line":5,"column":39},"end":{"line":12,"column":1}},"2":{"start":{"line":19,"column":18},"end":{"line":19,"column":29}},"3":{"start":{"line":21,"column":2},"end":{"line":39,"column":4}},"4":{"start":{"line":29,"column":16},"end":{"line":29,"column":36}},"5":{"start":{"line":32,"column":16},"end":{"line":32,"column":36}}},"fnMap":{"0":{"name":"(anonymous_0)","decl":{"start":{"line":5,"column":29},"end":{"line":5,"column":30}},"loc":{"start":{"line":5,"column":39},"end":{"line":12,"column":1}},"line":5},"1":{"name":"OutlinedButtons","decl":{"start":{"line":14,"column":24},"end":{"line":14,"column":39}},"loc":{"start":{"line":18,"column":3},"end":{"line":40,"column":1}},"line":18},"2":{"name":"(anonymous_2)","decl":{"start":{"line":28,"column":14},"end":{"line":28,"column":15}},"loc":{"start":{"line":28,"column":20},"end":{"line":30,"column":15}},"line":28},"3":{"name":"(anonymous_3)","decl":{"start":{"line":31,"column":14},"end":{"line":31,"column":15}},"loc":{"start":{"line":31,"column":20},"end":{"line":33,"column":15}},"line":31}},"branchMap":{"0":{"loc":{"start":{"line":27,"column":10},"end":{"line":33,"column":15}},"type":"cond-expr","locations":[{"start":{"line":28,"column":14},"end":{"line":30,"column":15}},{"start":{"line":31,"column":14},"end":{"line":33,"column":15}}],"line":27},"1":{"loc":{"start":{"line":36,"column":9},"end":{"line":36,"column":72}},"type":"cond-expr","locations":[{"start":{"line":36,"column":24},"end":{"line":36,"column":44}},{"start":{"line":36,"column":47},"end":{"line":36,"column":72}}],"line":36}},"s":{"0":1,"1":0,"2":0,"3":0,"4":0,"5":0},"f":{"0":0,"1":0,"2":0,"3":0},"b":{"0":[0,0],"1":[0,0]},"_coverageSchema":"43e27e138ebf9cfc5966b082cf9a028302ed4184","hash":"30e723f4eb019cdef5307c0cd0db6007611c6e26"}
,"/Users/evelynchen/Documents/Coding/shop-box/src/components/questionComponents/QASet.jsx": {"path":"/Users/evelynchen/Documents/Coding/shop-box/src/components/questionComponents/QASet.jsx","statementMap":{"0":{"start":{"line":10,"column":4},"end":{"line":10,"column":17}},"1":{"start":{"line":11,"column":4},"end":{"line":16,"column":6}},"2":{"start":{"line":17,"column":4},"end":{"line":17,"column":49}},"3":{"start":{"line":18,"column":4},"end":{"line":18,"column":59}},"4":{"start":{"line":19,"column":4},"end":{"line":19,"column":57}},"5":{"start":{"line":22,"column":4},"end":{"line":22,"column":53}},"6":{"start":{"line":26,"column":4},"end":{"line":32,"column":9}},"7":{"start":{"line":31,"column":8},"end":{"line":31,"column":49}},"8":{"start":{"line":35,"column":4},"end":{"line":35,"column":55}},"9":{"start":{"line":38,"column":4},"end":{"line":47,"column":9}},"10":{"start":{"line":43,"column":8},"end":{"line":43,"column":55}},"11":{"start":{"line":46,"column":8},"end":{"line":46,"column":25}},"12":{"start":{"line":50,"column":4},"end":{"line":61,"column":5}},"13":{"start":{"line":51,"column":6},"end":{"line":60,"column":11}},"14":{"start":{"line":56,"column":10},"end":{"line":56,"column":44}},"15":{"start":{"line":59,"column":10},"end":{"line":59,"column":27}},"16":{"start":{"line":65,"column":4},"end":{"line":69,"column":5}},"17":{"start":{"line":66,"column":6},"end":{"line":66,"column":28}},"18":{"start":{"line":68,"column":6},"end":{"line":68,"column":39}},"19":{"start":{"line":70,"column":4},"end":{"line":203,"column":6}},"20":{"start":{"line":86,"column":16},"end":{"line":89,"column":17}},"21":{"start":{"line":87,"column":18},"end":{"line":87,"column":52}},"22":{"start":{"line":88,"column":18},"end":{"line":88,"column":45}},"23":{"start":{"line":104,"column":18},"end":{"line":104,"column":40}},"24":{"start":{"line":126,"column":12},"end":{"line":132,"column":14}}},"fnMap":{"0":{"name":"(anonymous_0)","decl":{"start":{"line":9,"column":2},"end":{"line":9,"column":3}},"loc":{"start":{"line":9,"column":21},"end":{"line":20,"column":3}},"line":9},"1":{"name":"(anonymous_1)","decl":{"start":{"line":21,"column":2},"end":{"line":21,"column":3}},"loc":{"start":{"line":21,"column":22},"end":{"line":23,"column":3}},"line":21},"2":{"name":"(anonymous_2)","decl":{"start":{"line":25,"column":2},"end":{"line":25,"column":3}},"loc":{"start":{"line":25,"column":15},"end":{"line":33,"column":3}},"line":25},"3":{"name":"(anonymous_3)","decl":{"start":{"line":30,"column":12},"end":{"line":30,"column":13}},"loc":{"start":{"line":30,"column":26},"end":{"line":32,"column":7}},"line":30},"4":{"name":"(anonymous_4)","decl":{"start":{"line":34,"column":2},"end":{"line":34,"column":3}},"loc":{"start":{"line":34,"column":20},"end":{"line":36,"column":3}},"line":34},"5":{"name":"(anonymous_5)","decl":{"start":{"line":37,"column":2},"end":{"line":37,"column":3}},"loc":{"start":{"line":37,"column":24},"end":{"line":48,"column":3}},"line":37},"6":{"name":"(anonymous_6)","decl":{"start":{"line":42,"column":12},"end":{"line":42,"column":13}},"loc":{"start":{"line":42,"column":18},"end":{"line":44,"column":7}},"line":42},"7":{"name":"(anonymous_7)","decl":{"start":{"line":45,"column":13},"end":{"line":45,"column":14}},"loc":{"start":{"line":45,"column":20},"end":{"line":47,"column":7}},"line":45},"8":{"name":"(anonymous_8)","decl":{"start":{"line":49,"column":2},"end":{"line":49,"column":3}},"loc":{"start":{"line":49,"column":19},"end":{"line":62,"column":3}},"line":49},"9":{"name":"(anonymous_9)","decl":{"start":{"line":55,"column":14},"end":{"line":55,"column":15}},"loc":{"start":{"line":55,"column":20},"end":{"line":57,"column":9}},"line":55},"10":{"name":"(anonymous_10)","decl":{"start":{"line":58,"column":15},"end":{"line":58,"column":16}},"loc":{"start":{"line":58,"column":22},"end":{"line":60,"column":9}},"line":58},"11":{"name":"(anonymous_11)","decl":{"start":{"line":63,"column":2},"end":{"line":63,"column":3}},"loc":{"start":{"line":63,"column":11},"end":{"line":204,"column":3}},"line":63},"12":{"name":"(anonymous_12)","decl":{"start":{"line":85,"column":23},"end":{"line":85,"column":24}},"loc":{"start":{"line":85,"column":29},"end":{"line":90,"column":15}},"line":85},"13":{"name":"(anonymous_13)","decl":{"start":{"line":103,"column":25},"end":{"line":103,"column":26}},"loc":{"start":{"line":103,"column":31},"end":{"line":105,"column":17}},"line":103},"14":{"name":"(anonymous_14)","decl":{"start":{"line":125,"column":63},"end":{"line":125,"column":64}},"loc":{"start":{"line":125,"column":73},"end":{"line":133,"column":11}},"line":125}},"branchMap":{"0":{"loc":{"start":{"line":50,"column":4},"end":{"line":61,"column":5}},"type":"if","locations":[{"start":{"line":50,"column":4},"end":{"line":61,"column":5}},{"start":{"line":50,"column":4},"end":{"line":61,"column":5}}],"line":50},"1":{"loc":{"start":{"line":65,"column":4},"end":{"line":69,"column":5}},"type":"if","locations":[{"start":{"line":65,"column":4},"end":{"line":69,"column":5}},{"start":{"line":65,"column":4},"end":{"line":69,"column":5}}],"line":65},"2":{"loc":{"start":{"line":86,"column":16},"end":{"line":89,"column":17}},"type":"if","locations":[{"start":{"line":86,"column":16},"end":{"line":89,"column":17}},{"start":{"line":86,"column":16},"end":{"line":89,"column":17}}],"line":86},"3":{"loc":{"start":{"line":96,"column":13},"end":{"line":109,"column":13}},"type":"cond-expr","locations":[{"start":{"line":97,"column":14},"end":{"line":99,"column":21}},{"start":{"line":101,"column":14},"end":{"line":108,"column":21}}],"line":96},"4":{"loc":{"start":{"line":134,"column":11},"end":{"line":136,"column":11}},"type":"cond-expr","locations":[{"start":{"line":134,"column":61},"end":{"line":134,"column":65}},{"start":{"line":135,"column":12},"end":{"line":135,"column":66}}],"line":134}},"s":{"0":0,"1":0,"2":0,"3":0,"4":0,"5":0,"6":0,"7":0,"8":0,"9":0,"10":0,"11":0,"12":0,"13":0,"14":0,"15":0,"16":0,"17":0,"18":0,"19":0,"20":0,"21":0,"22":0,"23":0,"24":0},"f":{"0":0,"1":0,"2":0,"3":0,"4":0,"5":0,"6":0,"7":0,"8":0,"9":0,"10":0,"11":0,"12":0,"13":0,"14":0},"b":{"0":[0,0],"1":[0,0],"2":[0,0],"3":[0,0],"4":[0,0]},"_coverageSchema":"43e27e138ebf9cfc5966b082cf9a028302ed4184","hash":"4584951d603378303c12b696195340938c671acd"}
,"/Users/evelynchen/Documents/Coding/shop-box/src/components/questionComponents/QuestionAnswer.jsx": {"path":"/Users/evelynchen/Documents/Coding/shop-box/src/components/questionComponents/QuestionAnswer.jsx","statementMap":{"0":{"start":{"line":10,"column":36},"end":{"line":10,"column":48}},"1":{"start":{"line":11,"column":32},"end":{"line":11,"column":43}},"2":{"start":{"line":12,"column":21},"end":{"line":21,"column":3}},"3":{"start":{"line":13,"column":4},"end":{"line":20,"column":9}},"4":{"start":{"line":16,"column":8},"end":{"line":16,"column":35}},"5":{"start":{"line":19,"column":8},"end":{"line":19,"column":25}},"6":{"start":{"line":22,"column":23},"end":{"line":24,"column":3}},"7":{"start":{"line":23,"column":4},"end":{"line":23,"column":54}},"8":{"start":{"line":25,"column":26},"end":{"line":27,"column":3}},"9":{"start":{"line":26,"column":4},"end":{"line":26,"column":28}},"10":{"start":{"line":28,"column":26},"end":{"line":30,"column":3}},"11":{"start":{"line":29,"column":4},"end":{"line":29,"column":18}},"12":{"start":{"line":32,"column":2},"end":{"line":42,"column":3}},"13":{"start":{"line":33,"column":4},"end":{"line":33,"column":21}},"14":{"start":{"line":35,"column":4},"end":{"line":41,"column":6}},"15":{"start":{"line":43,"column":2},"end":{"line":45,"column":14}},"16":{"start":{"line":44,"column":4},"end":{"line":44,"column":39}},"17":{"start":{"line":47,"column":2},"end":{"line":118,"column":4}},"18":{"start":{"line":64,"column":12},"end":{"line":71,"column":14}}},"fnMap":{"0":{"name":"QuestionAnswer","decl":{"start":{"line":9,"column":24},"end":{"line":9,"column":38}},"loc":{"start":{"line":9,"column":46},"end":{"line":119,"column":1}},"line":9},"1":{"name":"(anonymous_1)","decl":{"start":{"line":12,"column":21},"end":{"line":12,"column":22}},"loc":{"start":{"line":12,"column":27},"end":{"line":21,"column":3}},"line":12},"2":{"name":"(anonymous_2)","decl":{"start":{"line":15,"column":12},"end":{"line":15,"column":13}},"loc":{"start":{"line":15,"column":26},"end":{"line":17,"column":7}},"line":15},"3":{"name":"(anonymous_3)","decl":{"start":{"line":18,"column":13},"end":{"line":18,"column":14}},"loc":{"start":{"line":18,"column":20},"end":{"line":20,"column":7}},"line":18},"4":{"name":"(anonymous_4)","decl":{"start":{"line":22,"column":23},"end":{"line":22,"column":24}},"loc":{"start":{"line":22,"column":44},"end":{"line":24,"column":3}},"line":22},"5":{"name":"(anonymous_5)","decl":{"start":{"line":25,"column":26},"end":{"line":25,"column":27}},"loc":{"start":{"line":25,"column":32},"end":{"line":27,"column":3}},"line":25},"6":{"name":"(anonymous_6)","decl":{"start":{"line":28,"column":26},"end":{"line":28,"column":27}},"loc":{"start":{"line":28,"column":32},"end":{"line":30,"column":3}},"line":28},"7":{"name":"(anonymous_7)","decl":{"start":{"line":43,"column":12},"end":{"line":43,"column":13}},"loc":{"start":{"line":43,"column":18},"end":{"line":45,"column":3}},"line":43},"8":{"name":"(anonymous_8)","decl":{"start":{"line":63,"column":43},"end":{"line":63,"column":44}},"loc":{"start":{"line":63,"column":55},"end":{"line":72,"column":11}},"line":63}},"branchMap":{"0":{"loc":{"start":{"line":32,"column":2},"end":{"line":42,"column":3}},"type":"if","locations":[{"start":{"line":32,"column":2},"end":{"line":42,"column":3}},{"start":{"line":32,"column":2},"end":{"line":42,"column":3}}],"line":32}},"s":{"0":0,"1":0,"2":0,"3":0,"4":0,"5":0,"6":0,"7":0,"8":0,"9":0,"10":0,"11":0,"12":0,"13":0,"14":0,"15":0,"16":0,"17":0,"18":0},"f":{"0":0,"1":0,"2":0,"3":0,"4":0,"5":0,"6":0,"7":0,"8":0},"b":{"0":[0,0]},"_coverageSchema":"43e27e138ebf9cfc5966b082cf9a028302ed4184","hash":"b9d317cd2cc4ce37b5d4ac4d9399cd6f59d97b2d"}
,"/Users/evelynchen/Documents/Coding/shop-box/src/components/questionComponents/SearchQuestions.jsx": {"path":"/Users/evelynchen/Documents/Coding/shop-box/src/components/questionComponents/SearchQuestions.jsx","statementMap":{"0":{"start":{"line":6,"column":4},"end":{"line":6,"column":17}},"1":{"start":{"line":7,"column":4},"end":{"line":7,"column":36}},"2":{"start":{"line":8,"column":4},"end":{"line":8,"column":53}},"3":{"start":{"line":9,"column":4},"end":{"line":9,"column":53}},"4":{"start":{"line":12,"column":4},"end":{"line":12,"column":37}},"5":{"start":{"line":13,"column":4},"end":{"line":21,"column":5}},"6":{"start":{"line":14,"column":21},"end":{"line":16,"column":8}},"7":{"start":{"line":15,"column":8},"end":{"line":15,"column":50}},"8":{"start":{"line":18,"column":6},"end":{"line":18,"column":40}},"9":{"start":{"line":20,"column":6},"end":{"line":20,"column":52}},"10":{"start":{"line":24,"column":4},"end":{"line":24,"column":38}},"11":{"start":{"line":27,"column":4},"end":{"line":42,"column":6}},"12":{"start":{"line":30,"column":23},"end":{"line":30,"column":43}},"13":{"start":{"line":31,"column":31},"end":{"line":31,"column":61}},"14":{"start":{"line":33,"column":10},"end":{"line":33,"column":30}},"15":{"start":{"line":34,"column":10},"end":{"line":34,"column":32}}},"fnMap":{"0":{"name":"(anonymous_0)","decl":{"start":{"line":5,"column":2},"end":{"line":5,"column":3}},"loc":{"start":{"line":5,"column":21},"end":{"line":10,"column":3}},"line":5},"1":{"name":"(anonymous_1)","decl":{"start":{"line":11,"column":2},"end":{"line":11,"column":3}},"loc":{"start":{"line":11,"column":18},"end":{"line":22,"column":3}},"line":11},"2":{"name":"(anonymous_2)","decl":{"start":{"line":14,"column":49},"end":{"line":14,"column":50}},"loc":{"start":{"line":14,"column":61},"end":{"line":16,"column":7}},"line":14},"3":{"name":"(anonymous_3)","decl":{"start":{"line":23,"column":2},"end":{"line":23,"column":3}},"loc":{"start":{"line":23,"column":17},"end":{"line":25,"column":3}},"line":23},"4":{"name":"(anonymous_4)","decl":{"start":{"line":26,"column":2},"end":{"line":26,"column":3}},"loc":{"start":{"line":26,"column":11},"end":{"line":43,"column":3}},"line":26},"5":{"name":"(anonymous_5)","decl":{"start":{"line":30,"column":18},"end":{"line":30,"column":19}},"loc":{"start":{"line":30,"column":23},"end":{"line":30,"column":43}},"line":30},"6":{"name":"(anonymous_6)","decl":{"start":{"line":31,"column":25},"end":{"line":31,"column":26}},"loc":{"start":{"line":31,"column":31},"end":{"line":31,"column":61}},"line":31},"7":{"name":"(anonymous_7)","decl":{"start":{"line":32,"column":24},"end":{"line":32,"column":25}},"loc":{"start":{"line":32,"column":30},"end":{"line":35,"column":9}},"line":32}},"branchMap":{"0":{"loc":{"start":{"line":13,"column":4},"end":{"line":21,"column":5}},"type":"if","locations":[{"start":{"line":13,"column":4},"end":{"line":21,"column":5}},{"start":{"line":13,"column":4},"end":{"line":21,"column":5}}],"line":13}},"s":{"0":0,"1":0,"2":0,"3":0,"4":0,"5":0,"6":0,"7":0,"8":0,"9":0,"10":0,"11":0,"12":0,"13":0,"14":0,"15":0},"f":{"0":0,"1":0,"2":0,"3":0,"4":0,"5":0,"6":0,"7":0},"b":{"0":[0,0]},"_coverageSchema":"43e27e138ebf9cfc5966b082cf9a028302ed4184","hash":"58fffed64ae9a07e261a95e3a4638d3a768002fa"}
}
