{"C:\\Users\\Hoon\\working\\hackreactor\\shop-box\\src\\components\\RelatedItemsComponents\\AddOutfitCardButton.jsx": {"path":"C:\\Users\\Hoon\\working\\hackreactor\\shop-box\\src\\components\\RelatedItemsComponents\\AddOutfitCardButton.jsx","statementMap":{"0":{"start":{"line":14,"column":18},"end":{"line":32,"column":3}},"1":{"start":{"line":14,"column":39},"end":{"line":32,"column":1}},"2":{"start":{"line":35,"column":18},"end":{"line":35,"column":29}},"3":{"start":{"line":36,"column":2},"end":{"line":53,"column":4}},"4":{"start":{"line":41,"column":10},"end":{"line":41,"column":22}}},"fnMap":{"0":{"name":"(anonymous_0)","decl":{"start":{"line":14,"column":29},"end":{"line":14,"column":30}},"loc":{"start":{"line":14,"column":39},"end":{"line":32,"column":1}},"line":14},"1":{"name":"AddOutfitCardButton","decl":{"start":{"line":34,"column":24},"end":{"line":34,"column":43}},"loc":{"start":{"line":34,"column":51},"end":{"line":54,"column":1}},"line":34},"2":{"name":"(anonymous_2)","decl":{"start":{"line":40,"column":17},"end":{"line":40,"column":18}},"loc":{"start":{"line":40,"column":23},"end":{"line":42,"column":9}},"line":40}},"branchMap":{},"s":{"0":1,"1":0,"2":0,"3":0,"4":0},"f":{"0":0,"1":0,"2":0},"b":{},"_coverageSchema":"43e27e138ebf9cfc5966b082cf9a028302ed4184","hash":"033dd0f9237d49fce57b9f7cdf256d8fd87274b0"}
,"C:\\Users\\Hoon\\working\\hackreactor\\shop-box\\src\\components\\RelatedItemsComponents\\RemoveMyOutfit.jsx": {"path":"C:\\Users\\Hoon\\working\\hackreactor\\shop-box\\src\\components\\RelatedItemsComponents\\RemoveMyOutfit.jsx","statementMap":{"0":{"start":{"line":10,"column":18},"end":{"line":17,"column":3}},"1":{"start":{"line":10,"column":39},"end":{"line":17,"column":1}},"2":{"start":{"line":22,"column":18},"end":{"line":22,"column":29}},"3":{"start":{"line":25,"column":33},"end":{"line":29,"column":3}},"4":{"start":{"line":26,"column":4},"end":{"line":26,"column":28}},"5":{"start":{"line":27,"column":4},"end":{"line":27,"column":40}},"6":{"start":{"line":28,"column":4},"end":{"line":28,"column":34}},"7":{"start":{"line":31,"column":2},"end":{"line":41,"column":4}}},"fnMap":{"0":{"name":"(anonymous_0)","decl":{"start":{"line":10,"column":29},"end":{"line":10,"column":30}},"loc":{"start":{"line":10,"column":39},"end":{"line":17,"column":1}},"line":10},"1":{"name":"RemoveMyOutfit","decl":{"start":{"line":21,"column":24},"end":{"line":21,"column":38}},"loc":{"start":{"line":21,"column":46},"end":{"line":42,"column":1}},"line":21},"2":{"name":"(anonymous_2)","decl":{"start":{"line":25,"column":33},"end":{"line":25,"column":34}},"loc":{"start":{"line":25,"column":37},"end":{"line":29,"column":3}},"line":25}},"branchMap":{},"s":{"0":1,"1":0,"2":0,"3":0,"4":0,"5":0,"6":0,"7":0},"f":{"0":0,"1":0,"2":0},"b":{},"_coverageSchema":"43e27e138ebf9cfc5966b082cf9a028302ed4184","hash":"04bc41b000aa939e30f82f724596e732fd1ef2a2"}
,"C:\\Users\\Hoon\\working\\hackreactor\\shop-box\\src\\components\\ReviewsComponents\\StarRatings.jsx": {"path":"C:\\Users\\Hoon\\working\\hackreactor\\shop-box\\src\\components\\ReviewsComponents\\StarRatings.jsx","statementMap":{"0":{"start":{"line":5,"column":2},"end":{"line":14,"column":4}}},"fnMap":{"0":{"name":"StarRatings","decl":{"start":{"line":4,"column":24},"end":{"line":4,"column":35}},"loc":{"start":{"line":4,"column":48},"end":{"line":15,"column":1}},"line":4}},"branchMap":{},"s":{"0":0},"f":{"0":0},"b":{},"_coverageSchema":"43e27e138ebf9cfc5966b082cf9a028302ed4184","hash":"7a31b13ee137b044bef3c973daac044290f4bda6"}
}
