TN:
SF:C:\Users\Hoon\working\hackreactor\shop-box\src\components\RelatedItemsComponents\AddOutfitCardButton.jsx
FN:14,(anonymous_0)
FN:34,AddOutfitCardButton
FN:40,(anonymous_2)
FNF:3
FNH:0
FNDA:0,(anonymous_0)
FNDA:0,AddOutfitCardButton
FNDA:0,(anonymous_2)
DA:14,1
DA:35,0
DA:36,0
DA:41,0
LF:4
LH:1
BRF:0
BRH:0
end_of_record
TN:
SF:C:\Users\Hoon\working\hackreactor\shop-box\src\components\RelatedItemsComponents\RemoveMyOutfit.jsx
FN:10,(anonymous_0)
FN:21,RemoveMyOutfit
FN:25,(anonymous_2)
FNF:3
FNH:0
FNDA:0,(anonymous_0)
FNDA:0,RemoveMyOutfit
FNDA:0,(anonymous_2)
DA:10,1
DA:22,0
DA:25,0
DA:26,0
DA:27,0
DA:28,0
DA:31,0
LF:7
LH:1
BRF:0
BRH:0
end_of_record
TN:
SF:C:\Users\Hoon\working\hackreactor\shop-box\src\components\ReviewsComponents\StarRatings.jsx
FN:4,StarRatings
FNF:1
FNH:0
FNDA:0,StarRatings
DA:5,0
LF:1
LH:0
BRF:0
BRH:0
end_of_record
