TN:
SF:/Users/evelynchen/Documents/Coding/shop-box/src/components/RelatedItemsComponents/AddOutfitCardButton.jsx
FN:14,(anonymous_0)
FN:34,AddOutfitCardButton
FN:40,(anonymous_2)
FNF:3
FNH:0
FNDA:0,(anonymous_0)
FNDA:0,AddOutfitCardButton
FNDA:0,(anonymous_2)
DA:14,1
DA:35,0
DA:36,0
DA:41,0
LF:4
LH:1
BRF:0
BRH:0
end_of_record
TN:
SF:/Users/evelynchen/Documents/Coding/shop-box/src/components/RelatedItemsComponents/RemoveMyOutfit.jsx
FN:10,(anonymous_0)
FN:21,RemoveMyOutfit
FN:25,(anonymous_2)
FNF:3
FNH:0
FNDA:0,(anonymous_0)
FNDA:0,RemoveMyOutfit
FNDA:0,(anonymous_2)
DA:10,1
DA:22,0
DA:25,0
DA:26,0
DA:27,0
DA:28,0
DA:31,0
LF:7
LH:1
BRF:0
BRH:0
end_of_record
TN:
SF:/Users/evelynchen/Documents/Coding/shop-box/src/components/ReviewsComponents/StarRatings.jsx
FN:4,StarRatings
FNF:1
FNH:0
FNDA:0,StarRatings
DA:5,0
LF:1
LH:0
BRF:0
BRH:0
end_of_record
TN:
SF:/Users/evelynchen/Documents/Coding/shop-box/src/components/questionComponents/AddAnswer.jsx
FN:13,(anonymous_0)
FN:31,(anonymous_1)
FN:47,(anonymous_2)
FN:53,(anonymous_3)
FN:57,(anonymous_4)
FN:60,(anonymous_5)
FN:63,(anonymous_6)
FN:93,(anonymous_7)
FN:97,(anonymous_8)
FN:104,(anonymous_9)
FN:108,(anonymous_10)
FN:111,(anonymous_11)
FN:124,(anonymous_12)
FN:130,(anonymous_13)
FN:139,(anonymous_14)
FN:165,(anonymous_15)
FN:176,(anonymous_16)
FNF:17
FNH:0
FNDA:0,(anonymous_0)
FNDA:0,(anonymous_1)
FNDA:0,(anonymous_2)
FNDA:0,(anonymous_3)
FNDA:0,(anonymous_4)
FNDA:0,(anonymous_5)
FNDA:0,(anonymous_6)
FNDA:0,(anonymous_7)
FNDA:0,(anonymous_8)
FNDA:0,(anonymous_9)
FNDA:0,(anonymous_10)
FNDA:0,(anonymous_11)
FNDA:0,(anonymous_12)
FNDA:0,(anonymous_13)
FNDA:0,(anonymous_14)
FNDA:0,(anonymous_15)
FNDA:0,(anonymous_16)
DA:13,1
DA:32,0
DA:33,0
DA:41,0
DA:42,0
DA:43,0
DA:44,0
DA:45,0
DA:48,0
DA:49,0
DA:50,0
DA:54,0
DA:58,0
DA:61,0
DA:64,0
DA:65,0
DA:71,0
DA:72,0
DA:73,0
DA:75,0
DA:76,0
DA:78,0
DA:79,0
DA:81,0
DA:82,0
DA:85,0
DA:86,0
DA:88,0
DA:94,0
DA:95,0
DA:98,0
DA:101,0
DA:105,0
DA:106,0
DA:107,0
DA:108,0
DA:109,0
DA:111,0
DA:112,0
DA:113,0
DA:114,0
DA:125,0
DA:131,0
DA:134,0
DA:140,0
DA:141,0
DA:166,0
DA:177,0
DA:178,0
LF:49
LH:1
BRDA:72,0,0,0
BRDA:72,0,1,0
BRDA:72,1,0,0
BRDA:72,1,1,0
BRDA:75,2,0,0
BRDA:75,2,1,0
BRDA:75,3,0,0
BRDA:75,3,1,0
BRDA:78,4,0,0
BRDA:78,4,1,0
BRDA:78,5,0,0
BRDA:78,5,1,0
BRDA:81,6,0,0
BRDA:81,6,1,0
BRDA:85,7,0,0
BRDA:85,7,1,0
BRDA:107,8,0,0
BRDA:107,8,1,0
BRDA:182,9,0,0
BRDA:182,9,1,0
BRF:20
BRH:0
end_of_record
TN:
SF:/Users/evelynchen/Documents/Coding/shop-box/src/components/questionComponents/AddQuestion.jsx
FN:12,(anonymous_0)
FN:33,(anonymous_1)
FN:46,(anonymous_2)
FN:52,(anonymous_3)
FN:56,(anonymous_4)
FN:59,(anonymous_5)
FN:63,(anonymous_6)
FN:88,(anonymous_7)
FN:91,(anonymous_8)
FN:99,(anonymous_9)
FN:129,(anonymous_10)
FNF:11
FNH:0
FNDA:0,(anonymous_0)
FNDA:0,(anonymous_1)
FNDA:0,(anonymous_2)
FNDA:0,(anonymous_3)
FNDA:0,(anonymous_4)
FNDA:0,(anonymous_5)
FNDA:0,(anonymous_6)
FNDA:0,(anonymous_7)
FNDA:0,(anonymous_8)
FNDA:0,(anonymous_9)
FNDA:0,(anonymous_10)
DA:12,1
DA:34,0
DA:35,0
DA:41,0
DA:42,0
DA:43,0
DA:44,0
DA:47,0
DA:48,0
DA:49,0
DA:53,0
DA:57,0
DA:60,0
DA:64,0
DA:65,0
DA:70,0
DA:71,0
DA:72,0
DA:74,0
DA:75,0
DA:77,0
DA:78,0
DA:80,0
DA:81,0
DA:83,0
DA:84,0
DA:86,0
DA:89,0
DA:92,0
DA:95,0
DA:100,0
DA:101,0
DA:130,0
LF:33
LH:1
BRDA:71,0,0,0
BRDA:71,0,1,0
BRDA:71,1,0,0
BRDA:71,1,1,0
BRDA:74,2,0,0
BRDA:74,2,1,0
BRDA:74,3,0,0
BRDA:74,3,1,0
BRDA:77,4,0,0
BRDA:77,4,1,0
BRDA:77,5,0,0
BRDA:77,5,1,0
BRDA:80,6,0,0
BRDA:80,6,1,0
BRDA:83,7,0,0
BRDA:83,7,1,0
BRF:16
BRH:0
end_of_record
TN:
SF:/Users/evelynchen/Documents/Coding/shop-box/src/components/questionComponents/Answers.jsx
FN:4,Answers
FN:25,(anonymous_1)
FN:28,(anonymous_2)
FN:31,(anonymous_3)
FN:36,(anonymous_4)
FN:40,(anonymous_5)
FN:43,(anonymous_6)
FN:53,(anonymous_7)
FN:70,(anonymous_8)
FNF:9
FNH:0
FNDA:0,Answers
FNDA:0,(anonymous_1)
FNDA:0,(anonymous_2)
FNDA:0,(anonymous_3)
FNDA:0,(anonymous_4)
FNDA:0,(anonymous_5)
FNDA:0,(anonymous_6)
FNDA:0,(anonymous_7)
FNDA:0,(anonymous_8)
DA:5,0
DA:6,0
DA:20,0
DA:21,0
DA:22,0
DA:23,0
DA:25,0
DA:26,0
DA:29,0
DA:32,0
DA:35,0
DA:36,0
DA:37,0
DA:38,0
DA:41,0
DA:44,0
DA:48,0
DA:54,0
DA:71,0
DA:72,0
DA:73,0
LF:21
LH:0
BRDA:37,0,0,0
BRDA:37,0,1,0
BRDA:52,1,0,0
BRDA:52,1,1,0
BRDA:71,2,0,0
BRDA:71,2,1,0
BRDA:82,3,0,0
BRDA:82,3,1,0
BRF:8
BRH:0
end_of_record
TN:
SF:/Users/evelynchen/Documents/Coding/shop-box/src/components/questionComponents/MoreAnswers.jsx
FN:5,(anonymous_0)
FN:14,OutlinedButtons
FN:21,(anonymous_2)
FNF:3
FNH:0
FNDA:0,(anonymous_0)
FNDA:0,OutlinedButtons
FNDA:0,(anonymous_2)
DA:5,1
DA:15,0
DA:17,0
DA:22,0
LF:4
LH:1
BRF:0
BRH:0
end_of_record
TN:
SF:/Users/evelynchen/Documents/Coding/shop-box/src/components/questionComponents/MoreQuestions.jsx
FN:5,(anonymous_0)
FN:14,OutlinedButtons
FN:28,(anonymous_2)
FN:31,(anonymous_3)
FNF:4
FNH:0
FNDA:0,(anonymous_0)
FNDA:0,OutlinedButtons
FNDA:0,(anonymous_2)
FNDA:0,(anonymous_3)
DA:5,1
DA:19,0
DA:21,0
DA:29,0
DA:32,0
LF:5
LH:1
BRDA:27,0,0,0
BRDA:27,0,1,0
BRDA:36,1,0,0
BRDA:36,1,1,0
BRF:4
BRH:0
end_of_record
TN:
SF:/Users/evelynchen/Documents/Coding/shop-box/src/components/questionComponents/QASet.jsx
FN:9,(anonymous_0)
FN:21,(anonymous_1)
FN:25,(anonymous_2)
FN:30,(anonymous_3)
FN:34,(anonymous_4)
FN:37,(anonymous_5)
FN:42,(anonymous_6)
FN:45,(anonymous_7)
FN:49,(anonymous_8)
FN:55,(anonymous_9)
FN:58,(anonymous_10)
FN:63,(anonymous_11)
FN:85,(anonymous_12)
FN:103,(anonymous_13)
FN:125,(anonymous_14)
FNF:15
FNH:0
FNDA:0,(anonymous_0)
FNDA:0,(anonymous_1)
FNDA:0,(anonymous_2)
FNDA:0,(anonymous_3)
FNDA:0,(anonymous_4)
FNDA:0,(anonymous_5)
FNDA:0,(anonymous_6)
FNDA:0,(anonymous_7)
FNDA:0,(anonymous_8)
FNDA:0,(anonymous_9)
FNDA:0,(anonymous_10)
FNDA:0,(anonymous_11)
FNDA:0,(anonymous_12)
FNDA:0,(anonymous_13)
FNDA:0,(anonymous_14)
DA:10,0
DA:11,0
DA:17,0
DA:18,0
DA:19,0
DA:22,0
DA:26,0
DA:31,0
DA:35,0
DA:38,0
DA:43,0
DA:46,0
DA:50,0
DA:51,0
DA:56,0
DA:59,0
DA:65,0
DA:66,0
DA:68,0
DA:70,0
DA:86,0
DA:87,0
DA:88,0
DA:104,0
DA:126,0
LF:25
LH:0
BRDA:50,0,0,0
BRDA:50,0,1,0
BRDA:65,1,0,0
BRDA:65,1,1,0
BRDA:86,2,0,0
BRDA:86,2,1,0
BRDA:96,3,0,0
BRDA:96,3,1,0
BRDA:134,4,0,0
BRDA:134,4,1,0
BRF:10
BRH:0
end_of_record
TN:
SF:/Users/evelynchen/Documents/Coding/shop-box/src/components/questionComponents/QuestionAnswer.jsx
FN:9,QuestionAnswer
FN:12,(anonymous_1)
FN:15,(anonymous_2)
FN:18,(anonymous_3)
FN:22,(anonymous_4)
FN:25,(anonymous_5)
FN:28,(anonymous_6)
FN:43,(anonymous_7)
FN:63,(anonymous_8)
FNF:9
FNH:0
FNDA:0,QuestionAnswer
FNDA:0,(anonymous_1)
FNDA:0,(anonymous_2)
FNDA:0,(anonymous_3)
FNDA:0,(anonymous_4)
FNDA:0,(anonymous_5)
FNDA:0,(anonymous_6)
FNDA:0,(anonymous_7)
FNDA:0,(anonymous_8)
DA:10,0
DA:11,0
DA:12,0
DA:13,0
DA:16,0
DA:19,0
DA:22,0
DA:23,0
DA:25,0
DA:26,0
DA:28,0
DA:29,0
DA:32,0
DA:33,0
DA:35,0
DA:43,0
DA:44,0
DA:47,0
DA:64,0
LF:19
LH:0
BRDA:32,0,0,0
BRDA:32,0,1,0
BRF:2
BRH:0
end_of_record
TN:
SF:/Users/evelynchen/Documents/Coding/shop-box/src/components/questionComponents/SearchQuestions.jsx
FN:5,(anonymous_0)
FN:11,(anonymous_1)
FN:14,(anonymous_2)
FN:23,(anonymous_3)
FN:26,(anonymous_4)
FN:30,(anonymous_5)
FN:31,(anonymous_6)
FN:32,(anonymous_7)
FNF:8
FNH:0
FNDA:0,(anonymous_0)
FNDA:0,(anonymous_1)
FNDA:0,(anonymous_2)
FNDA:0,(anonymous_3)
FNDA:0,(anonymous_4)
FNDA:0,(anonymous_5)
FNDA:0,(anonymous_6)
FNDA:0,(anonymous_7)
DA:6,0
DA:7,0
DA:8,0
DA:9,0
DA:12,0
DA:13,0
DA:14,0
DA:15,0
DA:18,0
DA:20,0
DA:24,0
DA:27,0
DA:30,0
DA:31,0
DA:33,0
DA:34,0
LF:16
LH:0
BRDA:13,0,0,0
BRDA:13,0,1,0
BRF:2
BRH:0
end_of_record
